0 info it worked if it ends with ok
1 verbose cli [ '/usr/local/bin/node', '/usr/local/bin/npm', 'run', 'e2e' ]
2 info using npm@4.1.2
3 info using node@v7.5.0
4 verbose run-script [ 'pree2e', 'e2e', 'poste2e' ]
5 info lifecycle angular2gridster@1.1.0~pree2e: angular2gridster@1.1.0
6 silly lifecycle angular2gridster@1.1.0~pree2e: no script for pree2e, continuing
7 info lifecycle angular2gridster@1.1.0~e2e: angular2gridster@1.1.0
8 verbose lifecycle angular2gridster@1.1.0~e2e: unsafe-perm in lifecycle true
9 verbose lifecycle angular2gridster@1.1.0~e2e: PATH: /usr/local/lib/node_modules/npm/bin/node-gyp-bin:/Users/Home/Documents/projects/angular2gridster/node_modules/.bin:/usr/bin:/bin:/usr/sbin:/sbin:/usr/local/bin
10 verbose lifecycle angular2gridster@1.1.0~e2e: CWD: /Users/Home/Documents/projects/angular2gridster
11 silly lifecycle angular2gridster@1.1.0~e2e: Args: [ '-c', 'serve-demo && cypress run' ]
12 info lifecycle angular2gridster@1.1.0~e2e: Failed to exec e2e script
13 verbose stack Error: angular2gridster@1.1.0 e2e: `serve-demo && cypress run`
13 verbose stack spawn ENOENT
13 verbose stack     at ChildProcess.<anonymous> (/usr/local/lib/node_modules/npm/lib/utils/spawn.js:33:16)
13 verbose stack     at emitTwo (events.js:106:13)
13 verbose stack     at ChildProcess.emit (events.js:192:7)
13 verbose stack     at maybeClose (internal/child_process.js:890:16)
13 verbose stack     at Process.ChildProcess._handle.onexit (internal/child_process.js:226:5)
14 verbose pkgid angular2gridster@1.1.0
15 verbose cwd /Users/Home/Documents/projects/angular2gridster
16 error Darwin 15.6.0
17 error argv "/usr/local/bin/node" "/usr/local/bin/npm" "run" "e2e"
18 error node v7.5.0
19 error npm  v4.1.2
20 error file sh
21 error code ELIFECYCLE
22 error errno ENOENT
23 error syscall spawn
24 error angular2gridster@1.1.0 e2e: `serve-demo && cypress run`
24 error spawn ENOENT
25 error Failed at the angular2gridster@1.1.0 e2e script 'serve-demo && cypress run'.
25 error Make sure you have the latest version of node.js and npm installed.
25 error If you do, this is most likely a problem with the angular2gridster package,
25 error not with npm itself.
25 error Tell the author that this fails on your system:
25 error     serve-demo && cypress run
25 error You can get information on how to open an issue for this project with:
25 error     npm bugs angular2gridster
25 error Or if that isn't available, you can get their info via:
25 error     npm owner ls angular2gridster
25 error There is likely additional logging output above.
26 verbose exit [ 1, true ]
